Arguments: 
  C:\Program Files\nodejs\node.exe C:\Users\USER\AppData\Roaming\npm\node_modules\yarn\bin\yarn.js add concurrently express body-parser

PATH: 
  C:\Program Files\Git\mingw64\bin;C:\Program Files\Git\usr\bin;C:\Users\USER\bin;C:\WINDOWS\system32;C:\WINDOWS;C:\WINDOWS\System32\Wbem;C:\WINDOWS\System32\WindowsPowerShell\v1.0;C:\WINDOWS\System32\OpenSSH;C:\Program Files\Calibre2;C:\Program Files\nodejs;C:\Program Files\Git\cmd;C:\xampp\php;C:\composer;C:\Program Files\nginx-1.20.1;C:\xampp\mysql\bin;C:\Users\USER\AppData\Local\Microsoft\WindowsApps;C:\Exercism;C:\Users\USER\AppData\Roaming\npm;C:\Users\USER\AppData\Roaming\Composer\vendor\bin;C:\Users\USER\AppData\Local\Programs\Microsoft VS Code\bin;C:\Users\USER\AppData\Local\GitHubDesktop\bin

Yarn version: 
  1.22.11

Node version: 
  15.6.0

Platform: 
  win32 x64

Trace: 
  Error: https://registry.yarnpkg.com/concurrently: ESOCKETTIMEDOUT
      at ClientRequest.<anonymous> (C:\Users\USER\AppData\Roaming\npm\node_modules\yarn\lib\cli.js:141390:19)
      at Object.onceWrapper (node:events:485:28)
      at ClientRequest.emit (node:events:379:20)
      at TLSSocket.emitRequestTimeout (node:_http_client:812:9)
      at Object.onceWrapper (node:events:485:28)
      at TLSSocket.emit (node:events:391:22)
      at TLSSocket.Socket._onTimeout (node:net:482:8)
      at listOnTimeout (node:internal/timers:556:17)
      at processTimers (node:internal/timers:499:7)

npm manifest: 
  {
    "name": "zemakech-backend",
    "version": "1.0.0",
    "description": "backend for the zemakech website",
    "main": "main.js",
    "author": "Kelechi Nwa-uwa",
    "license": "MIT",
    "private": true
  }

yarn manifest: 
  No manifest

Lockfile: 
  No lockfile
